<?xml version="1.0" encoding="UTF-8"?>
<testsuite xmlns:xsi="http://www.w3.org/2001/XMLSchema-instance" xsi:noNamespaceSchemaLocation="https://maven.apache.org/surefire/maven-surefire-plugin/xsd/surefire-test-report-3.0.xsd" version="3.0" name="com.p2p.service.FundingServiceTest" time="0.01" tests="3" errors="0" skipped="0" failures="0">
  <properties>
[...]
</properties>
  <testcase name="shouldRejectFundingWhenBalanceNotEnough" classname="com.p2p.service.FundingServiceTest" time="0.003"/>
  <testcase name="shouldMarkLoanAsFundedWhenFullyFunded" classname="com.p2p.service.FundingServiceTest" time="0.0"/>
  <testcase name="shouldAllowFundingWhenBalanceSufficient" classname="com.p2p.service.FundingServiceTest" time="0.001"/>
</testsuite>